build/outputs/logs/manifest-merger-debug-report.txt
-- Merging decision tree log ---
manifest
ADDED from AndroidStudioProjects/TeachingPad_S/AndroidManifest.xml:15:1-48:12
	xmlns:android
		ADDED from AndroidStudioProjects/TeachingPad_S/AndroidManifest.xml:15:11-69
	package
		ADDED from AndroidStudioProjects/TeachingPad_S/AndroidManifest.xml:16:5-48
		INJECTED from AndroidStudioProjects/TeachingPad_S/AndroidManifest.xml
		INJECTED from AndroidStudioProjects/TeachingPad_S/AndroidManifest.xml
	android:versionName
		ADDED from AndroidStudioProjects/TeachingPad_S/AndroidManifest.xml:18:5-30
		INJECTED from AndroidStudioProjects/TeachingPad_S/AndroidManifest.xml
		INJECTED from AndroidStudioProjects/TeachingPad_S/AndroidManifest.xml
	android:versionCode
		ADDED from AndroidStudioProjects/TeachingPad_S/AndroidManifest.xml:17:5-28
		INJECTED from AndroidStudioProjects/TeachingPad_S/AndroidManifest.xml
		INJECTED from AndroidStudioProjects/TeachingPad_S/AndroidManifest.xml
uses-sdk
ADDED from AndroidStudioProjects/TeachingPad_S/AndroidManifest.xml:20:5-22:41
	android:targetSdkVersion
		ADDED from AndroidStudioProjects/TeachingPad_S/AndroidManifest.xml:22:9-38
		INJECTED from AndroidStudioProjects/TeachingPad_S/AndroidManifest.xml
		INJECTED from AndroidStudioProjects/TeachingPad_S/AndroidManifest.xml
	android:minSdkVersion
		ADDED from AndroidStudioProjects/TeachingPad_S/AndroidManifest.xml:21:9-35
		INJECTED from AndroidStudioProjects/TeachingPad_S/AndroidManifest.xml
		INJECTED from AndroidStudioProjects/TeachingPad_S/AndroidManifest.xml
uses-permission#android.permission.BLUETOOTH_ADMIN
ADDED from AndroidStudioProjects/TeachingPad_S/AndroidManifest.xml:24:5-74
	android:name
		ADDED from AndroidStudioProjects/TeachingPad_S/AndroidManifest.xml:24:22-71
uses-permission#android.permission.BLUETOOTH
ADDED from AndroidStudioProjects/TeachingPad_S/AndroidManifest.xml:25:5-68
	android:name
		ADDED from AndroidStudioProjects/TeachingPad_S/AndroidManifest.xml:25:22-65
uses-permission#android.permission.VIBRATE
ADDED from AndroidStudioProjects/TeachingPad_S/AndroidManifest.xml:26:5-65
	android:name
		ADDED from AndroidStudioProjects/TeachingPad_S/AndroidManifest.xml:26:22-63
application
ADDED from AndroidStudioProjects/TeachingPad_S/AndroidManifest.xml:28:5-47:19
	android:label
		ADDED from AndroidStudioProjects/TeachingPad_S/AndroidManifest.xml:31:9-41
	android:debuggable
		ADDED from AndroidStudioProjects/TeachingPad_S/AndroidManifest.xml:29:9-35
	android:icon
		ADDED from AndroidStudioProjects/TeachingPad_S/AndroidManifest.xml:30:9-42
activity#com.example.android.BluetoothChat.BluetoothChat
ADDED from AndroidStudioProjects/TeachingPad_S/AndroidManifest.xml:32:9-41:20
	android:windowSoftInputMode
		ADDED from AndroidStudioProjects/TeachingPad_S/AndroidManifest.xml:36:13-60
	android:label
		ADDED from AndroidStudioProjects/TeachingPad_S/AndroidManifest.xml:35:13-45
	android:configChanges
		ADDED from AndroidStudioProjects/TeachingPad_S/AndroidManifest.xml:34:13-63
	android:name
		ADDED from AndroidStudioProjects/TeachingPad_S/AndroidManifest.xml:33:13-42
intent-filter#android.intent.action.MAIN+android.intent.category.LAUNCHER
ADDED from AndroidStudioProjects/TeachingPad_S/AndroidManifest.xml:37:13-40:29
action#android.intent.action.MAIN
ADDED from AndroidStudioProjects/TeachingPad_S/AndroidManifest.xml:38:17-69
	android:name
		ADDED from AndroidStudioProjects/TeachingPad_S/AndroidManifest.xml:38:25-66
category#android.intent.category.LAUNCHER
ADDED from AndroidStudioProjects/TeachingPad_S/AndroidManifest.xml:39:17-77
	android:name
		ADDED from AndroidStudioProjects/TeachingPad_S/AndroidManifest.xml:39:27-74
activity#com.example.android.BluetoothChat.DeviceListActivity
ADDED from AndroidStudioProjects/TeachingPad_S/AndroidManifest.xml:42:9-46:64
	android:label
		ADDED from AndroidStudioProjects/TeachingPad_S/AndroidManifest.xml:45:13-50
	android:configChanges
		ADDED from AndroidStudioProjects/TeachingPad_S/AndroidManifest.xml:44:13-63
	android:theme
		ADDED from AndroidStudioProjects/TeachingPad_S/AndroidManifest.xml:46:13-61
	android:name
		ADDED from AndroidStudioProjects/TeachingPad_S/AndroidManifest.xml:43:13-47